2015-09-13T01:28:23Z
init
ERROR
kernel panic
--
2015-09-22T09:15:46Z
ERROR
msic_service
CrystalBall This example panic disco
--
2015-09-13T01:28:23Z
init
ERROR
kernel panic
--
2015-09-22T09:15:46Z
ERROR
msic_service
CrystalBall This example panic disco
--
2015-09-13T01:28:23Z
init
ERROR
kernel panic
--
2015-09-22T09:15:46Z
ERROR
msic_service
CrystalBall This example panic disco
--
2015-09-13T01:28:23Z
init
ERROR
kernel panic
--
2015-09-22T09:15:46Z
ERROR
msic_service
CrystalBall This example panic disco
--
2015-09-13T01:28:23Z
init
ERROR
kernel panic
--
2015-09-22T09:15:46Z
ERROR
msic_service
CrystalBall This example panic disco
--
2015-09-13T01:28:23Z
init
ERROR
kernel panic
--
2015-09-22T09:15:46Z
ERROR
msic_service
CrystalBall This example panic disco
--
